<?xml version="1.0" encoding="UTF-8"?>
<testng-results ignored="0" total="1" passed="1" failed="0" skipped="0">
  <reporter-output>
  </reporter-output>
  <suite started-at="2023-05-20T12:51:43 IST" name="Surefire suite" finished-at="2023-05-20T12:51:43 IST" duration-ms="39">
    <groups>
    </groups>
    <test started-at="2023-05-20T12:51:43 IST" name="Surefire test" finished-at="2023-05-20T12:51:43 IST" duration-ms="39">
      <class name="vips.VIPS_Finestock.AppTest">
        <test-method signature="shouldAnswerWithTrue()" started-at="2023-05-20T12:51:43 IST" name="shouldAnswerWithTrue" finished-at="2023-05-20T12:51:43 IST" duration-ms="5" status="PASS">
          <reporter-output>
          </reporter-output>
        </test-method> <!-- shouldAnswerWithTrue -->
      </class> <!-- vips.VIPS_Finestock.AppTest -->
    </test> <!-- Surefire test -->
  </suite> <!-- Surefire suite -->
</testng-results>
