<?xml version="1.0" encoding="UTF-8"?>
<testng-results ignored="0" total="4" passed="4" failed="0" skipped="0">
  <reporter-output>
  </reporter-output>
  <suite started-at="2023-08-16T17:22:49 IST" name="Test_Suite" finished-at="2023-08-16T17:24:45 IST" duration-ms="115475">
    <groups>
    </groups>
    <test started-at="2023-08-16T17:22:49 IST" name="Create_Sell_Ad" finished-at="2023-08-16T17:23:21 IST" duration-ms="31763">
      <class name="Test_Class.Test_Class1_login">
        <test-method is-config="true" signature="open_browser(org.testng.ITestContext)[pri:0, instance:Test_Class.Test_Class1_login@3faf2e7d]" started-at="2023-08-16T17:22:49 IST" name="open_browser" finished-at="2023-08-16T17:22:53 IST" duration-ms="3823" status="PASS">
          <params>
            <param index="0">
              <value>
                <![CDATA[org.testng.TestRunner@36638b59]]>
              </value>
            </param>
          </params>
          <reporter-output>
          </reporter-output>
        </test-method> <!-- open_browser -->
        <test-method is-config="true" signature="Login()[pri:0, instance:Test_Class.Test_Class1_login@3faf2e7d]" started-at="2023-08-16T17:22:53 IST" name="Login" finished-at="2023-08-16T17:22:53 IST" duration-ms="368" status="PASS">
          <reporter-output>
          </reporter-output>
        </test-method> <!-- Login -->
        <test-method signature="Create_Sell_Ad()[pri:0, instance:Test_Class.Test_Class1_login@3faf2e7d]" started-at="2023-08-16T17:22:53 IST" name="Create_Sell_Ad" finished-at="2023-08-16T17:23:21 IST" duration-ms="27546" status="PASS">
          <reporter-output>
          </reporter-output>
        </test-method> <!-- Create_Sell_Ad -->
        <test-method is-config="true" signature="checkStatus(java.lang.reflect.Method,org.testng.ITestResult)[pri:0, instance:Test_Class.Test_Class1_login@3faf2e7d]" started-at="2023-08-16T17:23:21 IST" name="checkStatus" finished-at="2023-08-16T17:23:21 IST" duration-ms="0" status="PASS">
          <params>
            <param index="0">
              <value>
                <![CDATA[public void Test_Class.Test_Class1_login.Create_Sell_Ad() throws java.lang.InterruptedException,org.apache.poi.EncryptedDocumentException,java.io.IOException]]>
              </value>
            </param>
            <param index="1">
              <value>
                <![CDATA[[TestResult name=Create_Sell_Ad status=SUCCESS method=Test_Class1_login.Create_Sell_Ad()[pri:0, instance:Test_Class.Test_Class1_login@3faf2e7d] output={null}]]]>
              </value>
            </param>
          </params>
          <reporter-output>
          </reporter-output>
        </test-method> <!-- checkStatus -->
        <test-method is-config="true" signature="teardown()[pri:0, instance:Test_Class.Test_Class1_login@3faf2e7d]" started-at="2023-08-16T17:23:21 IST" name="teardown" finished-at="2023-08-16T17:23:21 IST" duration-ms="0" status="PASS">
          <reporter-output>
          </reporter-output>
        </test-method> <!-- teardown -->
      </class> <!-- Test_Class.Test_Class1_login -->
    </test> <!-- Create_Sell_Ad -->
    <test started-at="2023-08-16T17:23:21 IST" name="Create_BUY_Ad" finished-at="2023-08-16T17:23:49 IST" duration-ms="28000">
      <class name="Test_Class.Test_class2">
        <test-method is-config="true" signature="open_browser(org.testng.ITestContext)[pri:0, instance:Test_Class.Test_class2@2f058b8a]" started-at="2023-08-16T17:23:21 IST" name="open_browser" finished-at="2023-08-16T17:23:23 IST" duration-ms="2399" status="PASS">
          <params>
            <param index="0">
              <value>
                <![CDATA[org.testng.TestRunner@5dd3727c]]>
              </value>
            </param>
          </params>
          <reporter-output>
          </reporter-output>
        </test-method> <!-- open_browser -->
        <test-method is-config="true" signature="Login()[pri:0, instance:Test_Class.Test_class2@2f058b8a]" started-at="2023-08-16T17:23:23 IST" name="Login" finished-at="2023-08-16T17:23:24 IST" duration-ms="390" status="PASS">
          <reporter-output>
          </reporter-output>
        </test-method> <!-- Login -->
        <test-method signature="Create_BUY_Ad()[pri:0, instance:Test_Class.Test_class2@2f058b8a]" started-at="2023-08-16T17:23:24 IST" name="Create_BUY_Ad" finished-at="2023-08-16T17:23:49 IST" duration-ms="25210" status="PASS">
          <reporter-output>
          </reporter-output>
        </test-method> <!-- Create_BUY_Ad -->
        <test-method is-config="true" signature="checkStatus(java.lang.reflect.Method,org.testng.ITestResult)[pri:0, instance:Test_Class.Test_class2@2f058b8a]" started-at="2023-08-16T17:23:49 IST" name="checkStatus" finished-at="2023-08-16T17:23:49 IST" duration-ms="0" status="PASS">
          <params>
            <param index="0">
              <value>
                <![CDATA[public void Test_Class.Test_class2.Create_BUY_Ad() throws java.lang.InterruptedException,org.apache.poi.EncryptedDocumentException,java.io.IOException]]>
              </value>
            </param>
            <param index="1">
              <value>
                <![CDATA[[TestResult name=Create_BUY_Ad status=SUCCESS method=Test_class2.Create_BUY_Ad()[pri:0, instance:Test_Class.Test_class2@2f058b8a] output={null}]]]>
              </value>
            </param>
          </params>
          <reporter-output>
          </reporter-output>
        </test-method> <!-- checkStatus -->
        <test-method is-config="true" signature="teardown()[pri:0, instance:Test_Class.Test_class2@2f058b8a]" started-at="2023-08-16T17:23:49 IST" name="teardown" finished-at="2023-08-16T17:23:49 IST" duration-ms="0" status="PASS">
          <reporter-output>
          </reporter-output>
        </test-method> <!-- teardown -->
      </class> <!-- Test_Class.Test_class2 -->
    </test> <!-- Create_BUY_Ad -->
    <test started-at="2023-08-16T17:23:49 IST" name="Create_VIPS_Sell_Ad" finished-at="2023-08-16T17:24:18 IST" duration-ms="28838">
      <class name="Test_Class.Test_class3_VIIPS_Sell">
        <test-method is-config="true" signature="open_browser(org.testng.ITestContext)[pri:0, instance:Test_Class.Test_class3_VIIPS_Sell@30ea8c23]" started-at="2023-08-16T17:23:49 IST" name="open_browser" finished-at="2023-08-16T17:23:51 IST" duration-ms="2117" status="PASS">
          <params>
            <param index="0">
              <value>
                <![CDATA[org.testng.TestRunner@774013dc]]>
              </value>
            </param>
          </params>
          <reporter-output>
          </reporter-output>
        </test-method> <!-- open_browser -->
        <test-method is-config="true" signature="Login()[pri:0, instance:Test_Class.Test_class3_VIIPS_Sell@30ea8c23]" started-at="2023-08-16T17:23:51 IST" name="Login" finished-at="2023-08-16T17:23:51 IST" duration-ms="384" status="PASS">
          <reporter-output>
          </reporter-output>
        </test-method> <!-- Login -->
        <test-method signature="Create_VIPS_Sell_Ad()[pri:0, instance:Test_Class.Test_class3_VIIPS_Sell@30ea8c23]" started-at="2023-08-16T17:23:51 IST" name="Create_VIPS_Sell_Ad" finished-at="2023-08-16T17:24:18 IST" duration-ms="26333" status="PASS">
          <reporter-output>
          </reporter-output>
        </test-method> <!-- Create_VIPS_Sell_Ad -->
        <test-method is-config="true" signature="checkStatus(java.lang.reflect.Method,org.testng.ITestResult)[pri:0, instance:Test_Class.Test_class3_VIIPS_Sell@30ea8c23]" started-at="2023-08-16T17:24:18 IST" name="checkStatus" finished-at="2023-08-16T17:24:18 IST" duration-ms="0" status="PASS">
          <params>
            <param index="0">
              <value>
                <![CDATA[public void Test_Class.Test_class3_VIIPS_Sell.Create_VIPS_Sell_Ad() throws java.lang.InterruptedException,org.apache.poi.EncryptedDocumentException,java.io.IOException]]>
              </value>
            </param>
            <param index="1">
              <value>
                <![CDATA[[TestResult name=Create_VIPS_Sell_Ad status=SUCCESS method=Test_class3_VIIPS_Sell.Create_VIPS_Sell_Ad()[pri:0, instance:Test_Class.Test_class3_VIIPS_Sell@30ea8c23] output={null}]]]>
              </value>
            </param>
          </params>
          <reporter-output>
          </reporter-output>
        </test-method> <!-- checkStatus -->
        <test-method is-config="true" signature="teardown()[pri:0, instance:Test_Class.Test_class3_VIIPS_Sell@30ea8c23]" started-at="2023-08-16T17:24:18 IST" name="teardown" finished-at="2023-08-16T17:24:18 IST" duration-ms="0" status="PASS">
          <reporter-output>
          </reporter-output>
        </test-method> <!-- teardown -->
      </class> <!-- Test_Class.Test_class3_VIIPS_Sell -->
    </test> <!-- Create_VIPS_Sell_Ad -->
    <test started-at="2023-08-16T17:24:18 IST" name="Create_VIPS_BUY_Ad" finished-at="2023-08-16T17:24:45 IST" duration-ms="26856">
      <class name="Test_Class.Test_class4_VIIPS_Buy">
        <test-method is-config="true" signature="initialiseExtentReports()[pri:0, instance:Test_Class.Test_class4_VIIPS_Buy@53e211ee]" started-at="2023-08-16T17:22:49 IST" name="initialiseExtentReports" finished-at="2023-08-16T17:22:49 IST" duration-ms="162" status="PASS">
          <reporter-output>
          </reporter-output>
        </test-method> <!-- initialiseExtentReports -->
        <test-method is-config="true" signature="open_browser(org.testng.ITestContext)[pri:0, instance:Test_Class.Test_class4_VIIPS_Buy@53e211ee]" started-at="2023-08-16T17:24:18 IST" name="open_browser" finished-at="2023-08-16T17:24:20 IST" duration-ms="2533" status="PASS">
          <params>
            <param index="0">
              <value>
                <![CDATA[org.testng.TestRunner@229cb4d8]]>
              </value>
            </param>
          </params>
          <reporter-output>
          </reporter-output>
        </test-method> <!-- open_browser -->
        <test-method is-config="true" signature="Login()[pri:0, instance:Test_Class.Test_class4_VIIPS_Buy@53e211ee]" started-at="2023-08-16T17:24:20 IST" name="Login" finished-at="2023-08-16T17:24:21 IST" duration-ms="622" status="PASS">
          <reporter-output>
          </reporter-output>
        </test-method> <!-- Login -->
        <test-method signature="Create_VIPS_Buy_Ad()[pri:0, instance:Test_Class.Test_class4_VIIPS_Buy@53e211ee]" started-at="2023-08-16T17:24:21 IST" name="Create_VIPS_Buy_Ad" finished-at="2023-08-16T17:24:45 IST" duration-ms="23701" status="PASS">
          <reporter-output>
          </reporter-output>
        </test-method> <!-- Create_VIPS_Buy_Ad -->
        <test-method is-config="true" signature="teardown()[pri:0, instance:Test_Class.Test_class4_VIIPS_Buy@53e211ee]" started-at="2023-08-16T17:24:45 IST" name="teardown" finished-at="2023-08-16T17:24:45 IST" duration-ms="0" status="PASS">
          <reporter-output>
          </reporter-output>
        </test-method> <!-- teardown -->
        <test-method is-config="true" signature="checkStatus(java.lang.reflect.Method,org.testng.ITestResult)[pri:0, instance:Test_Class.Test_class4_VIIPS_Buy@53e211ee]" started-at="2023-08-16T17:24:45 IST" name="checkStatus" finished-at="2023-08-16T17:24:45 IST" duration-ms="0" status="PASS">
          <params>
            <param index="0">
              <value>
                <![CDATA[public void Test_Class.Test_class4_VIIPS_Buy.Create_VIPS_Buy_Ad() throws java.lang.InterruptedException,org.apache.poi.EncryptedDocumentException,java.io.IOException]]>
              </value>
            </param>
            <param index="1">
              <value>
                <![CDATA[[TestResult name=Create_VIPS_Buy_Ad status=SUCCESS method=Test_class4_VIIPS_Buy.Create_VIPS_Buy_Ad()[pri:0, instance:Test_Class.Test_class4_VIIPS_Buy@53e211ee] output={null}]]]>
              </value>
            </param>
          </params>
          <reporter-output>
          </reporter-output>
        </test-method> <!-- checkStatus -->
        <test-method is-config="true" signature="generateExtentReports()[pri:0, instance:Test_Class.Test_class4_VIIPS_Buy@53e211ee]" started-at="2023-08-16T17:24:45 IST" name="generateExtentReports" finished-at="2023-08-16T17:24:45 IST" duration-ms="718" status="PASS">
          <reporter-output>
          </reporter-output>
        </test-method> <!-- generateExtentReports -->
      </class> <!-- Test_Class.Test_class4_VIIPS_Buy -->
    </test> <!-- Create_VIPS_BUY_Ad -->
  </suite> <!-- Test_Suite -->
</testng-results>
